<?xml version="1.0" encoding="UTF-8"?>
<coverage generated="1756542861165" clover="3.2.0">
  <project timestamp="1756542861165" name="All files">
    <metrics statements="276" coveredstatements="232" conditionals="158" coveredconditionals="121" methods="84" coveredmethods="70" elements="518" coveredelements="423" complexity="0" loc="276" ncloc="276" packages="6" files="10" classes="10"/>
    <package name="apis">
      <metrics statements="15" coveredstatements="15" conditionals="6" coveredconditionals="5" methods="3" coveredmethods="3"/>
      <file name="github.ts" path="/Users/reyvido.yoga/development/projects/github-mobile-app/apis/github.ts">
        <metrics statements="15" coveredstatements="15" conditionals="6" coveredconditionals="5" methods="3" coveredmethods="3"/>
        <line num="4" count="1" type="stmt"/>
        <line num="29" count="1" type="stmt"/>
        <line num="36" count="4" type="stmt"/>
        <line num="42" count="4" type="cond" truecount="2" falsecount="0"/>
        <line num="43" count="1" type="stmt"/>
        <line num="46" count="4" type="cond" truecount="2" falsecount="0"/>
        <line num="47" count="1" type="stmt"/>
        <line num="50" count="4" type="stmt"/>
        <line num="53" count="3" type="stmt"/>
        <line num="56" count="1" type="cond" truecount="0" falsecount="1"/>
        <line num="57" count="3" type="stmt"/>
        <line num="63" count="2" type="stmt"/>
        <line num="66" count="1" type="stmt"/>
        <line num="69" count="2" type="stmt"/>
        <line num="70" count="1" type="stmt"/>
      </file>
    </package>
    <package name="components">
      <metrics statements="87" coveredstatements="81" conditionals="62" coveredconditionals="57" methods="33" coveredmethods="29"/>
      <file name="Divider.tsx" path="/Users/reyvido.yoga/development/projects/github-mobile-app/components/Divider.tsx">
        <metrics statements="2" coveredstatements="2" conditionals="0" coveredconditionals="0" methods="1" coveredmethods="1"/>
        <line num="4" count="49" type="stmt"/>
        <line num="7" count="1" type="stmt"/>
      </file>
      <file name="FilterPopup.tsx" path="/Users/reyvido.yoga/development/projects/github-mobile-app/components/FilterPopup.tsx">
        <metrics statements="22" coveredstatements="22" conditionals="18" coveredconditionals="18" methods="9" coveredmethods="9"/>
        <line num="26" count="2" type="stmt"/>
        <line num="32" count="2" type="stmt"/>
        <line num="51" count="2" type="stmt"/>
        <line num="57" count="62" type="stmt"/>
        <line num="58" count="127" type="stmt"/>
        <line num="60" count="62" type="stmt"/>
        <line num="62" count="62" type="stmt"/>
        <line num="63" count="46" type="cond" truecount="2" falsecount="0"/>
        <line num="64" count="23" type="stmt"/>
        <line num="70" count="23" type="stmt"/>
        <line num="78" count="62" type="stmt"/>
        <line num="79" count="10" type="stmt"/>
        <line num="82" count="62" type="stmt"/>
        <line num="83" count="7" type="stmt"/>
        <line num="86" count="62" type="stmt"/>
        <line num="87" count="248" type="stmt"/>
        <line num="93" count="10" type="stmt"/>
        <line num="121" count="62" type="stmt"/>
        <line num="122" count="124" type="stmt"/>
        <line num="128" count="7" type="stmt"/>
        <line num="156" count="62" type="stmt"/>
        <line num="202" count="2" type="stmt"/>
      </file>
      <file name="SearchInput.tsx" path="/Users/reyvido.yoga/development/projects/github-mobile-app/components/SearchInput.tsx">
        <metrics statements="38" coveredstatements="32" conditionals="14" coveredconditionals="13" methods="14" coveredmethods="10"/>
        <line num="29" count="91" type="stmt"/>
        <line num="30" count="91" type="stmt"/>
        <line num="31" count="91" type="stmt"/>
        <line num="33" count="91" type="stmt"/>
        <line num="35" count="91" type="stmt"/>
        <line num="36" count="174" type="stmt"/>
        <line num="39" count="91" type="stmt"/>
        <line num="40" count="52" type="cond" truecount="4" falsecount="0"/>
        <line num="41" count="5" type="stmt"/>
        <line num="42" count="46" type="cond" truecount="2" falsecount="0"/>
        <line num="43" count="23" type="stmt"/>
        <line num="47" count="91" type="stmt"/>
        <line num="48" count="15" type="stmt"/>
        <line num="49" count="15" type="stmt"/>
        <line num="52" count="91" type="stmt"/>
        <line num="53" count="6" type="stmt"/>
        <line num="54" count="6" type="stmt"/>
        <line num="55" count="6" type="stmt"/>
        <line num="56" count="6" type="stmt"/>
        <line num="57" count="6" type="stmt"/>
        <line num="60" count="91" type="stmt"/>
        <line num="61" count="0" type="stmt"/>
        <line num="64" count="91" type="stmt"/>
        <line num="65" count="1" type="cond" truecount="1" falsecount="1"/>
        <line num="66" count="0" type="stmt"/>
        <line num="70" count="91" type="stmt"/>
        <line num="71" count="1" type="stmt"/>
        <line num="72" count="0" type="stmt"/>
        <line num="76" count="91" type="stmt"/>
        <line num="77" count="0" type="stmt"/>
        <line num="78" count="0" type="stmt"/>
        <line num="81" count="91" type="stmt"/>
        <line num="82" count="6" type="stmt"/>
        <line num="84" count="0" type="stmt"/>
        <line num="90" count="91" type="stmt"/>
        <line num="103" count="6" type="stmt"/>
        <line num="119" count="8" type="stmt"/>
        <line num="131" count="2" type="stmt"/>
      </file>
      <file name="UserProfilePopup.tsx" path="/Users/reyvido.yoga/development/projects/github-mobile-app/components/UserProfilePopup.tsx">
        <metrics statements="25" coveredstatements="25" conditionals="30" coveredconditionals="26" methods="9" coveredmethods="9"/>
        <line num="26" count="2" type="stmt"/>
        <line num="33" count="60" type="stmt"/>
        <line num="34" count="60" type="stmt"/>
        <line num="35" count="118" type="stmt"/>
        <line num="38" count="60" type="stmt"/>
        <line num="40" count="60" type="stmt"/>
        <line num="41" count="52" type="cond" truecount="2" falsecount="0"/>
        <line num="42" count="29" type="stmt"/>
        <line num="48" count="23" type="stmt"/>
        <line num="56" count="60" type="stmt"/>
        <line num="57" count="7" type="stmt"/>
        <line num="58" count="7" type="stmt"/>
        <line num="61" count="60" type="stmt"/>
        <line num="62" count="2" type="cond" truecount="1" falsecount="1"/>
        <line num="63" count="2" type="stmt"/>
        <line num="67" count="60" type="stmt"/>
        <line num="68" count="50" type="stmt"/>
        <line num="75" count="60" type="stmt"/>
        <line num="76" count="25" type="stmt"/>
        <line num="151" count="60" type="stmt"/>
        <line num="152" count="5" type="stmt"/>
        <line num="158" count="60" type="stmt"/>
        <line num="159" count="1" type="stmt"/>
        <line num="168" count="60" type="stmt"/>
        <line num="216" count="2" type="stmt"/>
      </file>
    </package>
    <package name="redux.sagas">
      <metrics statements="43" coveredstatements="38" conditionals="12" coveredconditionals="9" methods="8" coveredmethods="7"/>
      <file name="repoSaga.ts" path="/Users/reyvido.yoga/development/projects/github-mobile-app/redux/sagas/repoSaga.ts">
        <metrics statements="43" coveredstatements="38" conditionals="12" coveredconditionals="9" methods="8" coveredmethods="7"/>
        <line num="21" count="1" type="stmt"/>
        <line num="57" count="2" type="stmt"/>
        <line num="58" count="2" type="stmt"/>
        <line num="60" count="2" type="stmt"/>
        <line num="61" count="1" type="stmt"/>
        <line num="63" count="1" type="stmt"/>
        <line num="73" count="1" type="cond" truecount="2" falsecount="0"/>
        <line num="75" count="1" type="stmt"/>
        <line num="83" count="1" type="stmt"/>
        <line num="92" count="4" type="stmt"/>
        <line num="93" count="4" type="stmt"/>
        <line num="95" count="4" type="cond" truecount="2" falsecount="0"/>
        <line num="96" count="1" type="stmt"/>
        <line num="97" count="1" type="stmt"/>
        <line num="100" count="3" type="stmt"/>
        <line num="101" count="90" type="stmt"/>
        <line num="104" count="3" type="stmt"/>
        <line num="105" count="3" type="stmt"/>
        <line num="106" count="2" type="stmt"/>
        <line num="108" count="1" type="stmt"/>
        <line num="111" count="1" type="stmt"/>
        <line num="113" count="2" type="stmt"/>
        <line num="116" count="1" type="stmt"/>
        <line num="121" count="2" type="stmt"/>
        <line num="122" count="2" type="stmt"/>
        <line num="123" count="2" type="stmt"/>
        <line num="125" count="2" type="cond" truecount="2" falsecount="0"/>
        <line num="126" count="1" type="stmt"/>
        <line num="134" count="2" type="stmt"/>
        <line num="135" count="2" type="stmt"/>
        <line num="136" count="2" type="stmt"/>
        <line num="137" count="1" type="stmt"/>
        <line num="139" count="1" type="stmt"/>
        <line num="148" count="2" type="stmt"/>
        <line num="149" count="2" type="stmt"/>
        <line num="150" count="2" type="stmt"/>
        <line num="151" count="1" type="stmt"/>
        <line num="153" count="1" type="stmt"/>
        <line num="160" count="0" type="stmt"/>
        <line num="161" count="0" type="stmt"/>
        <line num="162" count="0" type="stmt"/>
        <line num="163" count="0" type="stmt"/>
        <line num="164" count="0" type="stmt"/>
      </file>
    </package>
    <package name="redux.slices">
      <metrics statements="60" coveredstatements="60" conditionals="4" coveredconditionals="3" methods="21" coveredmethods="21"/>
      <file name="profileSlice.ts" path="/Users/reyvido.yoga/development/projects/github-mobile-app/redux/slices/profileSlice.ts">
        <metrics statements="6" coveredstatements="6" conditionals="0" coveredconditionals="0" methods="3" coveredmethods="3"/>
        <line num="8" count="8" type="stmt"/>
        <line num="13" count="8" type="stmt"/>
        <line num="18" count="5" type="stmt"/>
        <line num="21" count="4" type="stmt"/>
        <line num="24" count="3" type="stmt"/>
        <line num="29" count="8" type="stmt"/>
      </file>
      <file name="repoSlice.ts" path="/Users/reyvido.yoga/development/projects/github-mobile-app/redux/slices/repoSlice.ts">
        <metrics statements="54" coveredstatements="54" conditionals="4" coveredconditionals="3" methods="18" coveredmethods="18"/>
        <line num="28" count="9" type="stmt"/>
        <line num="48" count="9" type="stmt"/>
        <line num="53" count="1" type="stmt"/>
        <line num="54" count="1" type="stmt"/>
        <line num="55" count="1" type="stmt"/>
        <line num="56" count="1" type="cond" truecount="1" falsecount="1"/>
        <line num="57" count="1" type="stmt"/>
        <line num="58" count="1" type="stmt"/>
        <line num="65" count="2" type="stmt"/>
        <line num="66" count="2" type="stmt"/>
        <line num="67" count="2" type="stmt"/>
        <line num="68" count="2" type="stmt"/>
        <line num="70" count="2" type="cond" truecount="2" falsecount="0"/>
        <line num="71" count="1" type="stmt"/>
        <line num="73" count="1" type="stmt"/>
        <line num="77" count="1" type="stmt"/>
        <line num="78" count="1" type="stmt"/>
        <line num="81" count="6" type="stmt"/>
        <line num="84" count="1" type="stmt"/>
        <line num="85" count="1" type="stmt"/>
        <line num="88" count="1" type="stmt"/>
        <line num="89" count="1" type="stmt"/>
        <line num="92" count="30" type="stmt"/>
        <line num="95" count="1" type="stmt"/>
        <line num="98" count="11" type="stmt"/>
        <line num="99" count="11" type="stmt"/>
        <line num="100" count="11" type="stmt"/>
        <line num="101" count="11" type="stmt"/>
        <line num="104" count="8" type="stmt"/>
        <line num="105" count="8" type="stmt"/>
        <line num="106" count="8" type="stmt"/>
        <line num="107" count="8" type="stmt"/>
        <line num="110" count="4" type="stmt"/>
        <line num="111" count="4" type="stmt"/>
        <line num="112" count="4" type="stmt"/>
        <line num="115" count="1" type="stmt"/>
        <line num="116" count="1" type="stmt"/>
        <line num="117" count="1" type="stmt"/>
        <line num="120" count="1" type="stmt"/>
        <line num="121" count="1" type="stmt"/>
        <line num="122" count="1" type="stmt"/>
        <line num="125" count="8" type="stmt"/>
        <line num="126" count="8" type="stmt"/>
        <line num="130" count="8" type="stmt"/>
        <line num="131" count="8" type="stmt"/>
        <line num="132" count="8" type="stmt"/>
        <line num="135" count="1" type="stmt"/>
        <line num="136" count="1" type="stmt"/>
        <line num="137" count="1" type="stmt"/>
        <line num="140" count="1" type="stmt"/>
        <line num="141" count="1" type="stmt"/>
        <line num="142" count="1" type="stmt"/>
        <line num="145" count="1" type="stmt"/>
        <line num="169" count="9" type="stmt"/>
      </file>
    </package>
    <package name="screens">
      <metrics statements="64" coveredstatements="31" conditionals="60" coveredconditionals="35" methods="16" coveredmethods="7"/>
      <file name="Profile.tsx" path="/Users/reyvido.yoga/development/projects/github-mobile-app/screens/Profile.tsx">
        <metrics statements="64" coveredstatements="31" conditionals="60" coveredconditionals="35" methods="16" coveredmethods="7"/>
        <line num="27" count="13" type="stmt"/>
        <line num="29" count="26" type="stmt"/>
        <line num="31" count="13" type="stmt"/>
        <line num="32" count="26" type="stmt"/>
        <line num="35" count="13" type="stmt"/>
        <line num="37" count="13" type="stmt"/>
        <line num="38" count="7" type="stmt"/>
        <line num="41" count="13" type="stmt"/>
        <line num="42" count="7" type="stmt"/>
        <line num="45" count="13" type="stmt"/>
        <line num="46" count="0" type="stmt"/>
        <line num="47" count="0" type="cond" truecount="0" falsecount="2"/>
        <line num="48" count="0" type="stmt"/>
        <line num="52" count="0" type="stmt"/>
        <line num="54" count="0" type="stmt"/>
        <line num="57" count="13" type="stmt"/>
        <line num="58" count="0" type="stmt"/>
        <line num="59" count="0" type="cond" truecount="0" falsecount="2"/>
        <line num="61" count="0" type="stmt"/>
        <line num="68" count="0" type="cond" truecount="0" falsecount="4"/>
        <line num="69" count="0" type="stmt"/>
        <line num="73" count="13" type="stmt"/>
        <line num="74" count="0" type="stmt"/>
        <line num="75" count="0" type="cond" truecount="0" falsecount="2"/>
        <line num="76" count="0" type="stmt"/>
        <line num="80" count="0" type="stmt"/>
        <line num="83" count="0" type="stmt"/>
        <line num="89" count="0" type="cond" truecount="0" falsecount="4"/>
        <line num="90" count="0" type="stmt"/>
        <line num="94" count="13" type="stmt"/>
        <line num="95" count="0" type="stmt"/>
        <line num="115" count="13" type="stmt"/>
        <line num="116" count="0" type="stmt"/>
        <line num="127" count="0" type="stmt"/>
        <line num="133" count="13" type="stmt"/>
        <line num="134" count="0" type="stmt"/>
        <line num="137" count="13" type="stmt"/>
        <line num="138" count="0" type="stmt"/>
        <line num="139" count="0" type="cond" truecount="0" falsecount="2"/>
        <line num="140" count="0" type="stmt"/>
        <line num="141" count="0" type="stmt"/>
        <line num="142" count="0" type="stmt"/>
        <line num="145" count="0" type="cond" truecount="0" falsecount="2"/>
        <line num="146" count="0" type="stmt"/>
        <line num="147" count="0" type="stmt"/>
        <line num="150" count="0" type="stmt"/>
        <line num="151" count="0" type="stmt"/>
        <line num="154" count="13" type="stmt"/>
        <line num="155" count="0" type="stmt"/>
        <line num="156" count="0" type="stmt"/>
        <line num="159" count="13" type="stmt"/>
        <line num="160" count="16" type="cond" truecount="2" falsecount="0"/>
        <line num="161" count="8" type="stmt"/>
        <line num="163" count="8" type="stmt"/>
        <line num="166" count="13" type="stmt"/>
        <line num="167" count="8" type="stmt"/>
        <line num="174" count="13" type="cond" truecount="2" falsecount="0"/>
        <line num="175" count="7" type="stmt"/>
        <line num="183" count="6" type="cond" truecount="2" falsecount="0"/>
        <line num="184" count="1" type="stmt"/>
        <line num="195" count="5" type="cond" truecount="2" falsecount="0"/>
        <line num="196" count="1" type="stmt"/>
        <line num="207" count="4" type="stmt"/>
        <line num="373" count="1" type="stmt"/>
      </file>
    </package>
    <package name="screens.Home.components">
      <metrics statements="7" coveredstatements="7" conditionals="14" coveredconditionals="12" methods="3" coveredmethods="3"/>
      <file name="HomeItem.tsx" path="/Users/reyvido.yoga/development/projects/github-mobile-app/screens/Home/components/HomeItem.tsx">
        <metrics statements="7" coveredstatements="7" conditionals="14" coveredconditionals="12" methods="3" coveredmethods="3"/>
        <line num="11" count="67" type="stmt"/>
        <line num="12" count="130" type="cond" truecount="2" falsecount="0"/>
        <line num="13" count="22" type="stmt"/>
        <line num="15" count="108" type="stmt"/>
        <line num="18" count="67" type="stmt"/>
        <line num="45" count="9" type="cond" truecount="1" falsecount="1"/>
        <line num="68" count="2" type="stmt"/>
      </file>
    </package>
  </project>
</coverage>
