TN:
SF:apis/github.ts
FN:29,(anonymous_0)
FN:56,(anonymous_1)
FN:66,(anonymous_2)
FNF:3
FNH:3
FNDA:4,(anonymous_0)
FNDA:3,(anonymous_1)
FNDA:2,(anonymous_2)
DA:4,1
DA:29,1
DA:36,4
DA:42,4
DA:43,1
DA:46,4
DA:47,1
DA:50,4
DA:53,3
DA:56,1
DA:57,3
DA:63,2
DA:66,1
DA:69,2
DA:70,1
LF:15
LH:15
BRDA:32,0,0,1
BRDA:42,1,0,1
BRDA:42,1,1,3
BRDA:46,2,0,1
BRDA:46,2,1,3
BRDA:56,3,0,0
BRF:6
BRH:5
end_of_record
TN:
SF:components/Divider.tsx
FN:3,Divider
FNF:1
FNH:1
FNDA:49,Divider
DA:4,49
DA:7,1
LF:2
LH:2
BRF:0
BRH:0
end_of_record
TN:
SF:components/FilterPopup.tsx
FN:56,FilterPopup
FN:58,(anonymous_1)
FN:62,(anonymous_2)
FN:78,(anonymous_3)
FN:82,(anonymous_4)
FN:86,(anonymous_5)
FN:93,(anonymous_6)
FN:121,(anonymous_7)
FN:128,(anonymous_8)
FNF:9
FNH:9
FNDA:62,FilterPopup
FNDA:127,(anonymous_1)
FNDA:46,(anonymous_2)
FNDA:10,(anonymous_3)
FNDA:7,(anonymous_4)
FNDA:248,(anonymous_5)
FNDA:10,(anonymous_6)
FNDA:124,(anonymous_7)
FNDA:7,(anonymous_8)
DA:26,2
DA:32,2
DA:51,2
DA:57,62
DA:58,127
DA:60,62
DA:62,62
DA:63,46
DA:64,23
DA:70,23
DA:78,62
DA:79,10
DA:82,62
DA:83,7
DA:86,62
DA:87,248
DA:93,10
DA:121,62
DA:122,124
DA:128,7
DA:156,62
DA:202,2
LF:22
LH:22
BRDA:63,0,0,23
BRDA:63,0,1,23
BRDA:91,1,0,248
BRDA:91,1,1,62
BRDA:99,2,0,248
BRDA:99,2,1,62
BRDA:107,3,0,248
BRDA:107,3,1,62
BRDA:113,4,0,248
BRDA:113,4,1,62
BRDA:126,5,0,124
BRDA:126,5,1,62
BRDA:134,6,0,124
BRDA:134,6,1,62
BRDA:142,7,0,124
BRDA:142,7,1,62
BRDA:148,8,0,124
BRDA:148,8,1,62
BRF:18
BRH:18
end_of_record
TN:
SF:components/SearchInput.tsx
FN:25,SearchInput
FN:36,(anonymous_1)
FN:39,(anonymous_2)
FN:47,(anonymous_3)
FN:52,(anonymous_4)
FN:60,(anonymous_5)
FN:64,(anonymous_6)
FN:70,(anonymous_7)
FN:71,(anonymous_8)
FN:76,(anonymous_9)
FN:81,(anonymous_10)
FN:84,(anonymous_11)
FN:103,(anonymous_12)
FN:119,(anonymous_13)
FNF:14
FNH:10
FNDA:91,SearchInput
FNDA:174,(anonymous_1)
FNDA:52,(anonymous_2)
FNDA:15,(anonymous_3)
FNDA:6,(anonymous_4)
FNDA:0,(anonymous_5)
FNDA:1,(anonymous_6)
FNDA:1,(anonymous_7)
FNDA:0,(anonymous_8)
FNDA:0,(anonymous_9)
FNDA:6,(anonymous_10)
FNDA:0,(anonymous_11)
FNDA:6,(anonymous_12)
FNDA:8,(anonymous_13)
DA:29,91
DA:30,91
DA:31,91
DA:33,91
DA:35,91
DA:36,174
DA:39,91
DA:40,52
DA:41,5
DA:42,46
DA:43,23
DA:47,91
DA:48,15
DA:49,15
DA:52,91
DA:53,6
DA:54,6
DA:55,6
DA:56,6
DA:57,6
DA:60,91
DA:61,0
DA:64,91
DA:65,1
DA:66,0
DA:70,91
DA:71,1
DA:72,0
DA:76,91
DA:77,0
DA:78,0
DA:81,91
DA:82,6
DA:84,0
DA:90,91
DA:103,6
DA:119,8
DA:131,2
LF:38
LH:32
BRDA:27,0,0,2
BRDA:40,1,0,5
BRDA:40,1,1,46
BRDA:40,2,0,52
BRDA:40,2,1,28
BRDA:42,3,0,23
BRDA:42,3,1,23
BRDA:65,4,0,0
BRDA:65,4,1,1
BRDA:108,5,0,91
BRDA:108,5,1,12
BRDA:108,5,2,3
BRDA:110,6,0,1
BRDA:110,6,1,2
BRF:14
BRH:13
end_of_record
TN:
SF:components/UserProfilePopup.tsx
FN:28,UserProfilePopup
FN:35,(anonymous_1)
FN:40,(anonymous_2)
FN:56,(anonymous_3)
FN:61,(anonymous_4)
FN:67,(anonymous_5)
FN:75,(anonymous_6)
FN:151,(anonymous_7)
FN:158,(anonymous_8)
FNF:9
FNH:9
FNDA:60,UserProfilePopup
FNDA:118,(anonymous_1)
FNDA:52,(anonymous_2)
FNDA:7,(anonymous_3)
FNDA:2,(anonymous_4)
FNDA:50,(anonymous_5)
FNDA:25,(anonymous_6)
FNDA:5,(anonymous_7)
FNDA:1,(anonymous_8)
DA:26,2
DA:33,60
DA:34,60
DA:35,118
DA:38,60
DA:40,60
DA:41,52
DA:42,29
DA:48,23
DA:56,60
DA:57,7
DA:58,7
DA:61,60
DA:62,2
DA:63,2
DA:67,60
DA:68,50
DA:75,60
DA:76,25
DA:151,60
DA:152,5
DA:158,60
DA:159,1
DA:168,60
DA:216,2
LF:25
LH:25
BRDA:41,0,0,29
BRDA:41,0,1,23
BRDA:62,1,0,2
BRDA:62,1,1,0
BRDA:81,2,0,25
BRDA:81,2,1,24
BRDA:82,3,0,25
BRDA:82,3,1,24
BRDA:106,4,0,25
BRDA:106,4,1,24
BRDA:113,5,0,25
BRDA:113,5,1,24
BRDA:120,6,0,25
BRDA:120,6,1,24
BRDA:127,7,0,25
BRDA:127,7,1,24
BRDA:137,8,0,25
BRDA:137,8,1,0
BRDA:144,9,0,25
BRDA:144,9,1,0
BRDA:163,10,0,1
BRDA:163,10,1,0
BRDA:196,11,0,60
BRDA:196,11,1,5
BRDA:197,12,0,60
BRDA:197,12,1,1
BRDA:198,13,0,60
BRDA:198,13,1,25
BRDA:200,14,0,60
BRDA:200,14,1,25
BRF:30
BRH:26
end_of_record
TN:
SF:redux/sagas/repoSaga.ts
FN:54,fetchReposSaga
FN:89,fetchSuggestionsSaga
FN:100,(anonymous_2)
FN:106,(anonymous_3)
FN:120,refetchOnFilterChange
FN:131,fetchUserSaga
FN:145,fetchProfileSaga
FN:159,repoSaga
FNF:8
FNH:7
FNDA:2,fetchReposSaga
FNDA:4,fetchSuggestionsSaga
FNDA:90,(anonymous_2)
FNDA:2,(anonymous_3)
FNDA:2,refetchOnFilterChange
FNDA:2,fetchUserSaga
FNDA:2,fetchProfileSaga
FNDA:0,repoSaga
DA:21,1
DA:57,2
DA:58,2
DA:60,2
DA:61,1
DA:63,1
DA:73,1
DA:75,1
DA:83,1
DA:92,4
DA:93,4
DA:95,4
DA:96,1
DA:97,1
DA:100,3
DA:101,90
DA:104,3
DA:105,3
DA:106,2
DA:108,1
DA:111,1
DA:113,2
DA:116,1
DA:121,2
DA:122,2
DA:123,2
DA:125,2
DA:126,1
DA:134,2
DA:135,2
DA:136,2
DA:137,1
DA:139,1
DA:148,2
DA:149,2
DA:150,2
DA:151,1
DA:153,1
DA:160,0
DA:161,0
DA:162,0
DA:163,0
DA:164,0
LF:43
LH:38
BRDA:73,0,0,1
BRDA:73,0,1,1
BRDA:84,1,0,1
BRDA:84,1,1,0
BRDA:95,2,0,1
BRDA:95,2,1,3
BRDA:125,3,0,1
BRDA:125,3,1,1
BRDA:140,4,0,1
BRDA:140,4,1,0
BRDA:154,5,0,1
BRDA:154,5,1,0
BRF:12
BRH:9
end_of_record
TN:
SF:redux/slices/profileSlice.ts
FN:17,(anonymous_0)
FN:20,(anonymous_1)
FN:23,(anonymous_2)
FNF:3
FNH:3
FNDA:5,(anonymous_0)
FNDA:4,(anonymous_1)
FNDA:3,(anonymous_2)
DA:8,8
DA:13,8
DA:18,5
DA:21,4
DA:24,3
DA:29,8
LF:6
LH:6
BRF:0
BRH:0
end_of_record
TN:
SF:redux/slices/repoSlice.ts
FN:52,(anonymous_0)
FN:61,(anonymous_1)
FN:76,(anonymous_2)
FN:80,(anonymous_3)
FN:83,(anonymous_4)
FN:87,(anonymous_5)
FN:91,(anonymous_6)
FN:94,(anonymous_7)
FN:97,(anonymous_8)
FN:103,(anonymous_9)
FN:109,(anonymous_10)
FN:114,(anonymous_11)
FN:119,(anonymous_12)
FN:124,(anonymous_13)
FN:129,(anonymous_14)
FN:134,(anonymous_15)
FN:139,(anonymous_16)
FN:144,(anonymous_17)
FNF:18
FNH:18
FNDA:1,(anonymous_0)
FNDA:2,(anonymous_1)
FNDA:1,(anonymous_2)
FNDA:6,(anonymous_3)
FNDA:1,(anonymous_4)
FNDA:1,(anonymous_5)
FNDA:30,(anonymous_6)
FNDA:1,(anonymous_7)
FNDA:11,(anonymous_8)
FNDA:8,(anonymous_9)
FNDA:4,(anonymous_10)
FNDA:1,(anonymous_11)
FNDA:1,(anonymous_12)
FNDA:8,(anonymous_13)
FNDA:8,(anonymous_14)
FNDA:1,(anonymous_15)
FNDA:1,(anonymous_16)
FNDA:1,(anonymous_17)
DA:28,9
DA:48,9
DA:53,1
DA:54,1
DA:55,1
DA:56,1
DA:57,1
DA:58,1
DA:65,2
DA:66,2
DA:67,2
DA:68,2
DA:70,2
DA:71,1
DA:73,1
DA:77,1
DA:78,1
DA:81,6
DA:84,1
DA:85,1
DA:88,1
DA:89,1
DA:92,30
DA:95,1
DA:98,11
DA:99,11
DA:100,11
DA:101,11
DA:104,8
DA:105,8
DA:106,8
DA:107,8
DA:110,4
DA:111,4
DA:112,4
DA:115,1
DA:116,1
DA:117,1
DA:120,1
DA:121,1
DA:122,1
DA:125,8
DA:126,8
DA:130,8
DA:131,8
DA:132,8
DA:135,1
DA:136,1
DA:137,1
DA:140,1
DA:141,1
DA:142,1
DA:145,1
DA:169,9
LF:54
LH:54
BRDA:56,0,0,1
BRDA:56,0,1,0
BRDA:70,1,0,1
BRDA:70,1,1,1
BRF:4
BRH:3
end_of_record
TN:
SF:screens/Profile.tsx
FN:26,Profile
FN:29,(anonymous_1)
FN:32,(anonymous_2)
FN:37,(anonymous_3)
FN:41,(anonymous_4)
FN:45,(anonymous_5)
FN:57,(anonymous_6)
FN:73,(anonymous_7)
FN:94,(anonymous_8)
FN:115,(anonymous_9)
FN:127,(anonymous_10)
FN:133,(anonymous_11)
FN:137,(anonymous_12)
FN:154,(anonymous_13)
FN:159,(anonymous_14)
FN:166,(anonymous_15)
FNF:16
FNH:7
FNDA:13,Profile
FNDA:26,(anonymous_1)
FNDA:26,(anonymous_2)
FNDA:7,(anonymous_3)
FNDA:7,(anonymous_4)
FNDA:0,(anonymous_5)
FNDA:0,(anonymous_6)
FNDA:0,(anonymous_7)
FNDA:0,(anonymous_8)
FNDA:0,(anonymous_9)
FNDA:0,(anonymous_10)
FNDA:0,(anonymous_11)
FNDA:0,(anonymous_12)
FNDA:0,(anonymous_13)
FNDA:16,(anonymous_14)
FNDA:8,(anonymous_15)
DA:27,13
DA:29,26
DA:31,13
DA:32,26
DA:35,13
DA:37,13
DA:38,7
DA:41,13
DA:42,7
DA:45,13
DA:46,0
DA:47,0
DA:48,0
DA:52,0
DA:54,0
DA:57,13
DA:58,0
DA:59,0
DA:61,0
DA:68,0
DA:69,0
DA:73,13
DA:74,0
DA:75,0
DA:76,0
DA:80,0
DA:83,0
DA:89,0
DA:90,0
DA:94,13
DA:95,0
DA:115,13
DA:116,0
DA:127,0
DA:133,13
DA:134,0
DA:137,13
DA:138,0
DA:139,0
DA:140,0
DA:141,0
DA:142,0
DA:145,0
DA:146,0
DA:147,0
DA:150,0
DA:151,0
DA:154,13
DA:155,0
DA:156,0
DA:159,13
DA:160,16
DA:161,8
DA:163,8
DA:166,13
DA:167,8
DA:174,13
DA:175,7
DA:183,6
DA:184,1
DA:195,5
DA:196,1
DA:207,4
DA:373,1
LF:64
LH:31
BRDA:47,0,0,0
BRDA:47,0,1,0
BRDA:59,1,0,0
BRDA:59,1,1,0
BRDA:68,2,0,0
BRDA:68,2,1,0
BRDA:68,3,0,0
BRDA:68,3,1,0
BRDA:75,4,0,0
BRDA:75,4,1,0
BRDA:89,5,0,0
BRDA:89,5,1,0
BRDA:89,6,0,0
BRDA:89,6,1,0
BRDA:139,7,0,0
BRDA:139,7,1,0
BRDA:145,8,0,0
BRDA:145,8,1,0
BRDA:160,9,0,8
BRDA:160,9,1,8
BRDA:174,10,0,7
BRDA:174,10,1,6
BRDA:183,11,0,1
BRDA:183,11,1,5
BRDA:189,12,0,1
BRDA:189,12,1,0
BRDA:195,13,0,1
BRDA:195,13,1,4
BRDA:212,14,0,4
BRDA:212,14,1,3
BRDA:222,15,0,4
BRDA:222,15,1,1
BRDA:234,16,0,2
BRDA:234,16,1,2
BRDA:274,17,0,4
BRDA:274,17,1,4
BRDA:277,18,0,4
BRDA:277,18,1,4
BRDA:284,19,0,4
BRDA:284,19,1,0
BRDA:292,20,0,4
BRDA:292,20,1,0
BRDA:298,21,0,4
BRDA:298,21,1,0
BRDA:304,22,0,4
BRDA:304,22,1,0
BRDA:315,23,0,4
BRDA:315,23,1,4
BRDA:322,24,0,4
BRDA:322,24,1,4
BRDA:329,25,0,4
BRDA:329,25,1,4
BRDA:336,26,0,4
BRDA:336,26,1,4
BRDA:348,27,0,4
BRDA:348,27,1,0
BRDA:355,28,0,4
BRDA:355,28,1,0
BRDA:360,29,0,4
BRDA:360,29,1,1
BRF:60
BRH:35
end_of_record
TN:
SF:screens/Home/components/HomeItem.tsx
FN:10,HomeItem
FN:11,(anonymous_1)
FN:43,(anonymous_2)
FNF:3
FNH:3
FNDA:67,HomeItem
FNDA:130,(anonymous_1)
FNDA:9,(anonymous_2)
DA:11,67
DA:12,130
DA:13,22
DA:15,108
DA:18,67
DA:45,9
DA:68,2
LF:7
LH:7
BRDA:12,0,0,22
BRDA:12,0,1,108
BRDA:27,1,0,65
BRDA:27,1,1,2
BRDA:30,2,0,65
BRDA:30,2,1,2
BRDA:35,3,0,67
BRDA:35,3,1,65
BRDA:45,4,0,9
BRDA:45,4,1,0
BRDA:52,5,0,67
BRDA:52,5,1,65
BRDA:58,6,0,67
BRDA:58,6,1,0
BRF:14
BRH:12
end_of_record
